[    0.000000] Initializing cgroup subsys cpuset
[    0.000000] Initializing cgroup subsys cpu
[    0.000000] Initializing cgroup subsys cpuacct
[    0.000000] Linux version 4.4.0-193-generic (buildd@lgw01-amd64-024) (gcc version 5.4.0 20160609 (Ubuntu 5.4.0-6ubuntu1~16.04.12) ) #224-Ubuntu SMP Tue Oct 6 17:15:28 UTC 2020 (Ubuntu 4.4.0-193.224-generic 4.4.236)
[    0.000000] Command line: BOOT_IMAGE=/boot/vmlinuz-4.4.0-193-generic root=LABEL=cloudimg-rootfs ro console=tty1 console=ttyS0
[    0.000000] KERNEL supported cpus:
[    0.000000]   Intel GenuineIntel
[    0.000000]   AMD AuthenticAMD
[    0.000000]   Centaur CentaurHauls
[    0.000000] x86/fpu: xstate_offset[2]:  576, xstate_sizes[2]:  256
[    0.000000] x86/fpu: Supporting XSAVE feature 0x01: 'x87 floating point registers'
[    0.000000] x86/fpu: Supporting XSAVE feature 0x02: 'SSE registers'
[    0.000000] x86/fpu: Supporting XSAVE feature 0x04: 'AVX registers'
[    0.000000] x86/fpu: Enabled xstate features 0x7, context size is 832 bytes, using 'standard' format.
[    0.000000] e820: BIOS-provided physical RAM map:
[    0.000000] BIOS-e820: [mem 0x0000000000000000-0x000000000009fbff] usable
[    0.000000] BIOS-e820: [mem 0x000000000009fc00-0x000000000009ffff] reserved
[    0.000000] BIOS-e820: [mem 0x00000000000f0000-0x00000000000fffff] reserved
[    0.000000] BIOS-e820: [mem 0x0000000000100000-0x000000007ffeffff] usable
[    0.000000] BIOS-e820: [mem 0x000000007fff0000-0x000000007fffffff] ACPI data
[    0.000000] BIOS-e820: [mem 0x00000000fec00000-0x00000000fec00fff] reserved
[    0.000000] BIOS-e820: [mem 0x00000000fee00000-0x00000000fee00fff] reserved
[    0.000000] BIOS-e820: [mem 0x00000000fffc0000-0x00000000ffffffff] reserved
[    0.000000] NX (Execute Disable) protection: active
[    0.000000] SMBIOS 2.5 present.
[    0.000000] Hypervisor detected: KVM
[    0.000000] e820: last_pfn = 0x7fff0 max_arch_pfn = 0x400000000
[    0.000000] MTRR: Disabled
[    0.000000] x86/PAT: MTRRs disabled, skipping PAT initialization too.
[    0.000000] CPU MTRRs all blank - virtualized system.
[    0.000000] x86/PAT: Configuration [0-7]: WB  WT  UC- UC  WB  WT  UC- UC  
[    0.000000] found SMP MP-table at [mem 0x0009fff0-0x0009ffff] mapped at [ffff88000009fff0]
[    0.000000] Scanning 1 areas for low memory corruption
[    0.000000] RAMDISK: [mem 0x361be000-0x370d6fff]
[    0.000000] ACPI: Early table checksum verification disabled
[    0.000000] ACPI: RSDP 0x00000000000E0000 000024 (v02 VBOX  )
[    0.000000] ACPI: XSDT 0x000000007FFF0030 00003C (v01 VBOX   VBOXXSDT 00000001 ASL  00000061)
[    0.000000] ACPI: FACP 0x000000007FFF00F0 0000F4 (v04 VBOX   VBOXFACP 00000001 ASL  00000061)
[    0.000000] ACPI: DSDT 0x000000007FFF0470 002325 (v02 VBOX   VBOXBIOS 00000002 INTL 20120111)
[    0.000000] ACPI: FACS 0x000000007FFF0200 000040
[    0.000000] ACPI: FACS 0x000000007FFF0200 000040
[    0.000000] ACPI: APIC 0x000000007FFF0240 000054 (v02 VBOX   VBOXAPIC 00000001 ASL  00000061)
[    0.000000] ACPI: SSDT 0x000000007FFF02A0 0001CC (v01 VBOX   VBOXCPUT 00000002 INTL 20120111)
[    0.000000] No NUMA configuration found
[    0.000000] Faking a node at [mem 0x0000000000000000-0x000000007ffeffff]
[    0.000000] NODE_DATA(0) allocated [mem 0x7ffeb000-0x7ffeffff]
[    0.000000] kvm-clock: Using msrs 4b564d01 and 4b564d00
[    0.000000] kvm-clock: cpu 0, msr 0:7ffe3001, primary cpu clock
[    0.000000] kvm-clock: using sched offset of 3662141452 cycles
[    0.000000] clocksource: kvm-clock: mask: 0xffffffffffffffff max_cycles: 0x1cd42e4dffb, max_idle_ns: 881590591483 ns
[    0.000000] Zone ranges:
[    0.000000]   DMA      [mem 0x0000000000001000-0x0000000000ffffff]
[    0.000000]   DMA32    [mem 0x0000000001000000-0x000000007ffeffff]
[    0.000000]   Normal   empty
[    0.000000]   Device   empty
[    0.000000] Movable zone start for each node
[    0.000000] Early memory node ranges
[    0.000000]   node   0: [mem 0x0000000000001000-0x000000000009efff]
[    0.000000]   node   0: [mem 0x0000000000100000-0x000000007ffeffff]
[    0.000000] Initmem setup node 0 [mem 0x0000000000001000-0x000000007ffeffff]
[    0.000000] ACPI: PM-Timer IO Port: 0x4008
[    0.000000] IOAPIC[0]: apic_id 1, version 32, address 0xfec00000, GSI 0-23
[    0.000000] ACPI: INT_SRC_OVR (bus 0 bus_irq 0 global_irq 2 dfl dfl)
[    0.000000] ACPI: INT_SRC_OVR (bus 0 bus_irq 9 global_irq 9 low level)
[    0.000000] Using ACPI (MADT) for SMP configuration information
[    0.000000] smpboot: Allowing 1 CPUs, 0 hotplug CPUs
[    0.000000] PM: Registered nosave memory: [mem 0x00000000-0x00000fff]
[    0.000000] PM: Registered nosave memory: [mem 0x0009f000-0x0009ffff]
[    0.000000] PM: Registered nosave memory: [mem 0x000a0000-0x000effff]
[    0.000000] PM: Registered nosave memory: [mem 0x000f0000-0x000fffff]
[    0.000000] e820: [mem 0x80000000-0xfebfffff] available for PCI devices
[    0.000000] Booting paravirtualized kernel on KVM
[    0.000000] clocksource: refined-jiffies: mask: 0xffffffff max_cycles: 0xffffffff, max_idle_ns: 7645519600211568 ns
[    0.000000] setup_percpu: NR_CPUS:512 nr_cpumask_bits:512 nr_cpu_ids:1 nr_node_ids:1
[    0.000000] PERCPU: Embedded 33 pages/cpu @ffff88007fc00000 s95512 r8192 d31464 u2097152
[    0.000000] Built 1 zonelists in Node order, mobility grouping on.  Total pages: 515960
[    0.000000] Policy zone: DMA32
[    0.000000] Kernel command line: BOOT_IMAGE=/boot/vmlinuz-4.4.0-193-generic root=LABEL=cloudimg-rootfs ro console=tty1 console=ttyS0
[    0.000000] PID hash table entries: 4096 (order: 3, 32768 bytes)
[    0.000000] Memory: 2029408K/2096696K available (8640K kernel code, 1337K rwdata, 4040K rodata, 1492K init, 1296K bss, 67288K reserved, 0K cma-reserved)
[    0.000000] SLUB: HWalign=64, Order=0-3, MinObjects=0, CPUs=1, Nodes=1
[    0.000000] Kernel/User page tables isolation: enabled
[    0.000000] Hierarchical RCU implementation.
[    0.000000] 	Build-time adjustment of leaf fanout to 64.
[    0.000000] 	RCU restricting CPUs from NR_CPUS=512 to nr_cpu_ids=1.
[    0.000000] RCU: Adjusting geometry for rcu_fanout_leaf=64, nr_cpu_ids=1
[    0.000000] NR_IRQS:33024 nr_irqs:256 16
[    0.000000] Console: colour VGA+ 80x25
[    0.000000] console [tty1] enabled
[    0.000000] console [ttyS0] enabled
[    0.000000] tsc: Detected 2303.998 MHz processor
[    0.153143] Calibrating delay loop (skipped) preset value.. 4607.99 BogoMIPS (lpj=9215992)
[    0.155168] pid_max: default: 32768 minimum: 301
[    0.156102] ACPI: Core revision 20150930
[    0.157691] ACPI: 2 ACPI AML tables successfully acquired and loaded
[    0.159011] Security Framework initialized
[    0.159845] Yama: becoming mindful.
[    0.160613] AppArmor: AppArmor initialized
[    0.162800] Dentry cache hash table entries: 262144 (order: 9, 2097152 bytes)
[    0.164418] Inode-cache hash table entries: 131072 (order: 8, 1048576 bytes)
[    0.166877] Mount-cache hash table entries: 4096 (order: 3, 32768 bytes)
[    0.168139] Mountpoint-cache hash table entries: 4096 (order: 3, 32768 bytes)
[    0.169617] Initializing cgroup subsys io
[    0.170450] Initializing cgroup subsys memory
[    0.171331] Initializing cgroup subsys devices
[    0.172224] Initializing cgroup subsys freezer
[    0.173138] Initializing cgroup subsys net_cls
[    0.174663] Initializing cgroup subsys perf_event
[    0.175657] Initializing cgroup subsys net_prio
[    0.176650] Initializing cgroup subsys hugetlb
[    0.177663] Initializing cgroup subsys pids
[    0.193947] mce: CPU supports 0 MCE banks
[    0.195816] process: using mwait in idle threads
[    0.197223] Last level iTLB entries: 4KB 64, 2MB 8, 4MB 8
[    0.198271] Last level dTLB entries: 4KB 64, 2MB 0, 4MB 0, 1GB 4
[    0.199411] Spectre V1 : Mitigation: usercopy/swapgs barriers and __user pointer sanitization
[    0.201097] Spectre V2 : Mitigation: Full generic retpoline
[    0.202193] Spectre V2 : Spectre v2 / SpectreRSB mitigation: Filling RSB on context switch
[    0.203838] Speculative Store Bypass: Vulnerable
[    0.205239] SRBDS: Unknown: Dependent on hypervisor status
[    0.206476] MDS: Mitigation: Clear CPU buffers
[    0.229767] Freeing SMP alternatives memory: 36K
[    0.236498] ftrace: allocating 32346 entries in 127 pages
[    0.288782] smpboot: APIC(0) Converting physical 0 to logical package 0
[    0.290636] smpboot: Max logical packages: 1
[    0.291843] x2apic enabled
[    0.292662] Switched APIC routing to physical x2apic.
[    0.294539] ..TIMER: vector=0x30 apic1=0 pin1=2 apic2=-1 pin2=-1
[    0.403800] smpboot: CPU0: Intel(R) Core(TM) i5-7360U CPU @ 2.30GHz (family: 0x6, model: 0x8e, stepping: 0x9)
[    0.406585] Performance Events: unsupported p6 CPU model 142 no PMU driver, software events only.
[    0.417746] KVM setup paravirtual spinlock
[    0.419751] x86: Booted up 1 node, 1 CPUs
[    0.421046] smpboot: Total of 1 processors activated (4607.99 BogoMIPS)
[    0.424363] devtmpfs: initialized
[    0.427807] evm: security.selinux
[    0.428917] evm: security.SMACK64
[    0.429701] evm: security.SMACK64EXEC
[    0.430472] evm: security.SMACK64TRANSMUTE
[    0.431310] evm: security.SMACK64MMAP
[    0.432105] evm: security.ima
[    0.432769] evm: security.capability
[    0.433632] clocksource: jiffies: mask: 0xffffffff max_cycles: 0xffffffff, max_idle_ns: 7645041785100000 ns
[    0.435588] futex hash table entries: 256 (order: 2, 16384 bytes)
[    0.436861] pinctrl core: initialized pinctrl subsystem
[    0.437974] RTC time: 12:10:55, date: 10/26/20
[    0.439156] NET: Registered protocol family 16
[    0.440202] cpuidle: using governor ladder
[    0.441052] cpuidle: using governor menu
[    0.441865] PCCT header not found.
[    0.442693] ACPI: bus type PCI registered
[    0.443524] acpiphp: ACPI Hot Plug PCI Controller Driver version: 0.5
[    0.444853] PCI: Using configuration type 1 for base access
[    0.446810] ACPI: Added _OSI(Module Device)
[    0.447677] ACPI: Added _OSI(Processor Device)
[    0.448608] ACPI: Added _OSI(3.0 _SCP Extensions)
[    0.449545] ACPI: Added _OSI(Processor Aggregator Device)
[    0.451144] ACPI: Executed 1 blocks of module-level executable AML code
[    0.454041] ACPI: Interpreter enabled
[    0.455050] ACPI: (supports S0 S5)
[    0.456015] ACPI: Using IOAPIC for interrupt routing
[    0.457418] PCI: Using host bridge windows from ACPI; if necessary, use "pci=nocrs" and report a bug
[    0.463617] ACPI: PCI Root Bridge [PCI0] (domain 0000 [bus 00-ff])
[    0.465448] acpi PNP0A03:00: _OSC: OS supports [ASPM ClockPM Segments MSI]
[    0.466961] acpi PNP0A03:00: _OSC: not requesting OS control; OS requires [ExtendedConfig ASPM ClockPM MSI]
[    0.468938] acpi PNP0A03:00: fail to add MMCONFIG information, can't access extended PCI configuration space under this bridge.
[    0.471455] PCI host bridge to bus 0000:00
[    0.472296] pci_bus 0000:00: root bus resource [io  0x0000-0x0cf7 window]
[    0.473563] pci_bus 0000:00: root bus resource [io  0x0d00-0xffff window]
[    0.474841] pci_bus 0000:00: root bus resource [mem 0x000a0000-0x000bffff window]
[    0.476378] pci_bus 0000:00: root bus resource [mem 0x80000000-0xfdffffff window]
[    0.477897] pci_bus 0000:00: root bus resource [bus 00-ff]
[    0.481113] pci 0000:00:01.1: legacy IDE quirk: reg 0x10: [io  0x01f0-0x01f7]
[    0.482624] pci 0000:00:01.1: legacy IDE quirk: reg 0x14: [io  0x03f6]
[    0.483877] pci 0000:00:01.1: legacy IDE quirk: reg 0x18: [io  0x0170-0x0177]
[    0.485210] pci 0000:00:01.1: legacy IDE quirk: reg 0x1c: [io  0x0376]
[    0.513310] pci 0000:00:07.0: quirk: [io  0x4000-0x403f] claimed by PIIX4 ACPI
[    0.515272] pci 0000:00:07.0: quirk: [io  0x4100-0x410f] claimed by PIIX4 SMB
[    0.528779] ACPI: PCI Interrupt Link [LNKA] (IRQs 5 9 10 *11)
[    0.530764] ACPI: PCI Interrupt Link [LNKB] (IRQs 5 9 *10 11)
[    0.532274] ACPI: PCI Interrupt Link [LNKC] (IRQs 5 *9 10 11)
[    0.533835] ACPI: PCI Interrupt Link [LNKD] (IRQs 5 9 10 *11)
[    0.535817] ACPI: Enabled 2 GPEs in block 00 to 07
[    0.537048] vgaarb: setting as boot device: PCI:0000:00:02.0
[    0.538171] vgaarb: device added: PCI:0000:00:02.0,decodes=io+mem,owns=io+mem,locks=none
[    0.539812] vgaarb: loaded
[    0.540431] vgaarb: bridge control possible 0000:00:02.0
[    0.541660] SCSI subsystem initialized
[    0.542523] ACPI: bus type USB registered
[    0.543371] usbcore: registered new interface driver usbfs
[    0.544548] usbcore: registered new interface driver hub
[    0.545593] usbcore: registered new device driver usb
[    0.546690] PCI: Using ACPI for IRQ routing
[    0.547880] NetLabel: Initializing
[    0.548614] NetLabel:  domain hash size = 128
[    0.549493] NetLabel:  protocols = UNLABELED CIPSOv4
[    0.550482] NetLabel:  unlabeled traffic allowed by default
[    0.551646] amd_nb: Cannot enumerate AMD northbridges
[    0.552670] clocksource: Switched to clocksource kvm-clock
[    0.560143] AppArmor: AppArmor Filesystem Enabled
[    0.561837] pnp: PnP ACPI init
[    0.563687] pnp: PnP ACPI: found 3 devices
[    0.570126] clocksource: acpi_pm: mask: 0xffffff max_cycles: 0xffffff, max_idle_ns: 2085701024 ns
[    0.572570] NET: Registered protocol family 2
[    0.573678] TCP established hash table entries: 16384 (order: 5, 131072 bytes)
[    0.575744] TCP bind hash table entries: 16384 (order: 6, 262144 bytes)
[    0.578410] TCP: Hash tables configured (established 16384 bind 16384)
[    0.580188] UDP hash table entries: 1024 (order: 3, 32768 bytes)
[    0.581383] UDP-Lite hash table entries: 1024 (order: 3, 32768 bytes)
[    0.582650] NET: Registered protocol family 1
[    0.583591] pci 0000:00:00.0: Limiting direct PCI/PCI transfers
[    0.585208] pci 0000:00:01.0: Activating ISA DMA hang workarounds
[    0.586529] Unpacking initramfs...
[    0.793247] Freeing initrd memory: 15460K
[    0.794677] clocksource: tsc: mask: 0xffffffffffffffff max_cycles: 0x2135f5e6f15, max_idle_ns: 440795231538 ns
[    0.796642] platform rtc_cmos: registered platform RTC device (no PNP device found)
[    0.798258] Scanning for low memory corruption every 60 seconds
[    0.799586] audit: initializing netlink subsys (disabled)
[    0.800651] audit: type=2000 audit(1603714260.763:1): initialized
[    0.802052] Initialise system trusted keyring
[    0.803023] HugeTLB registered 2 MB page size, pre-allocated 0 pages
[    0.805401] zbud: loaded
[    0.806555] VFS: Disk quotas dquot_6.6.0
[    0.807682] VFS: Dquot-cache hash table entries: 512 (order 0, 4096 bytes)
[    0.809241] squashfs: version 4.0 (2009/01/31) Phillip Lougher
[    0.810892] fuse init (API version 7.23)
[    0.812049] Key type big_key registered
[    0.813194] Allocating IMA MOK and blacklist keyrings.
[    0.814978] Key type asymmetric registered
[    0.816160] Asymmetric key parser 'x509' registered
[    0.817180] Block layer SCSI generic (bsg) driver version 0.4 loaded (major 249)
[    0.818724] io scheduler noop registered
[    0.819541] io scheduler deadline registered (default)
[    0.820569] io scheduler cfq registered
[    0.821476] pci_hotplug: PCI Hot Plug PCI Core version: 0.5
[    0.822565] pciehp: PCI Express Hot Plug Controller Driver version: 0.4
[    0.824136] ACPI: AC Adapter [AC] (on-line)
[    0.825369] input: Power Button as /devices/LNXSYSTM:00/LNXPWRBN:00/input/input0
[    0.827342] ACPI: Power Button [PWRF]
[    0.828424] input: Sleep Button as /devices/LNXSYSTM:00/LNXSLPBN:00/input/input1
[    0.830196] ACPI: Sleep Button [SLPF]
[    0.832516] ACPI: Battery Slot [BAT0] (battery present)
[    0.834082] GHES: HEST is not enabled!
[    0.835189] Serial: 8250/16550 driver, 32 ports, IRQ sharing enabled
[    0.857557] 00:02: ttyS0 at I/O 0x3f8 (irq = 4, base_baud = 115200) is a 16550A
[    0.862901] Linux agpgart interface v0.103
[    0.866200] loop: module loaded
[    0.868336] scsi host0: ata_piix
[    0.870018] scsi host1: ata_piix
[    0.871479] ata1: PATA max UDMA/33 cmd 0x1f0 ctl 0x3f6 bmdma 0xd000 irq 14
[    0.873791] ata2: PATA max UDMA/33 cmd 0x170 ctl 0x376 bmdma 0xd008 irq 15
[    0.877521] libphy: Fixed MDIO Bus: probed
[    0.879477] tun: Universal TUN/TAP device driver, 1.6
[    0.881467] tun: (C) 1999-2004 Max Krasnyansky <maxk@qualcomm.com>
[    0.883978] PPP generic driver version 2.4.2
[    0.885879] ehci_hcd: USB 2.0 'Enhanced' Host Controller (EHCI) Driver
[    0.888188] ehci-pci: EHCI PCI platform driver
[    0.890040] ehci-platform: EHCI generic platform driver
[    0.892233] ohci_hcd: USB 1.1 'Open' Host Controller (OHCI) Driver
[    0.894603] ohci-pci: OHCI PCI platform driver
[    0.896406] ohci-platform: OHCI generic platform driver
[    0.898484] uhci_hcd: USB Universal Host Controller Interface driver
[    0.900746] i8042: PNP: PS/2 Controller [PNP0303:PS2K,PNP0f03:PS2M] at 0x60,0x64 irq 1,12
[    0.904345] serio: i8042 KBD port at 0x60,0x64 irq 1
[    0.906611] serio: i8042 AUX port at 0x60,0x64 irq 12
[    0.908365] mousedev: PS/2 mouse device common for all mice
[    0.910214] input: AT Translated Set 2 keyboard as /devices/platform/i8042/serio0/input/input2
[    0.912281] rtc_cmos rtc_cmos: rtc core: registered rtc_cmos as rtc0
[    0.913595] rtc_cmos rtc_cmos: alarms up to one day, 114 bytes nvram
[    0.915389] i2c /dev entries driver
[    0.916182] device-mapper: uevent: version 1.0.3
[    0.917190] device-mapper: ioctl: 4.34.0-ioctl (2015-10-28) initialised: dm-devel@redhat.com
[    0.918895] ledtrig-cpu: registered to indicate activity on CPUs
[    0.921054] NET: Registered protocol family 10
[    0.922425] NET: Registered protocol family 17
[    0.923843] Key type dns_resolver registered
[    0.925374] registered taskstats version 1
[    0.926243] Loading compiled-in X.509 certificates
[    0.927666] Loaded X.509 cert 'Build time autogenerated kernel key: 399ad61e9457a71f6b31060684c17f14836880c9'
[    0.929625] zswap: loaded using pool lzo/zbud
[    0.931722] Key type trusted registered
[    0.935400] Key type encrypted registered
[    0.936559] AppArmor: AppArmor sha1 policy hashing enabled
[    0.937912] ima: No TPM chip found, activating TPM-bypass!
[    0.938989] ima: Allocated hash algorithm: sha1
[    0.939912] evm: HMAC attrs: 0x1
[    0.940989]   Magic number: 8:866:178
[    0.941808]  platform: hash matches
[    0.942578] rtc_cmos rtc_cmos: setting system clock to 2020-10-26 12:10:55 UTC (1603714255)
[    0.944464] BIOS EDD facility v0.16 2004-Jun-25, 0 devices found
[    0.946244] EDD information not available.
[    1.057035] Freeing unused kernel memory: 1492K
[    1.058296] Write protecting the kernel read-only data: 14336k
[    1.060128] Freeing unused kernel memory: 1588K
[    1.061553] Freeing unused kernel memory: 56K
Loading, please wait...
starting version 229
[    1.071811] random: udevadm: uninitialized urandom read (16 bytes read, 3 bits of entropy available)
[    1.075146] random: systemd-udevd: uninitialized urandom read (16 bytes read, 3 bits of entropy available)
[    1.077689] random: systemd-udevd: uninitialized urandom read (16 bytes read, 3 bits of entropy available)
[    1.080260] random: systemd-udevd: uninitialized urandom read (16 bytes read, 3 bits of entropy available)
[    1.082487] random: udevadm: uninitialized urandom read (16 bytes read, 3 bits of entropy available)
[    1.085184] random: systemd-udevd: uninitialized urandom read (16 bytes read, 3 bits of entropy available)
[    1.091889] random: systemd-udevd: uninitialized urandom read (16 bytes read, 3 bits of entropy available)
[    1.096369] random: systemd-udevd: uninitialized urandom read (16 bytes read, 3 bits of entropy available)
[    1.099485] random: udevadm: uninitialized urandom read (16 bytes read, 3 bits of entropy available)
[    1.101446] random: systemd-udevd: uninitialized urandom read (16 bytes read, 3 bits of entropy available)
[    1.173257] [drm] Initialized drm 1.1.0 20060810
[    1.177035] e1000: Intel(R) PRO/1000 Network Driver - version 7.3.21-k8-NAPI
[    1.178778] e1000: Copyright (c) 1999-2006 Intel Corporation.
[    1.183842] Fusion MPT base driver 3.04.20
[    1.185261] Copyright (c) 1999-2008 LSI Corporation
[    1.196331] Fusion MPT SPI Host driver 3.04.20
[    1.242743] AVX2 version of gcm_enc/dec engaged.
[    1.244563] AES CTR mode by8 optimization enabled
[    1.253898] vboxvideo: loading out-of-tree module taints kernel.
[    1.255555] vboxvideo: module verification failed: signature and/or required key missing - tainting kernel
[    1.399630] input: ImExPS/2 Generic Explorer Mouse as /devices/platform/i8042/serio1/input/input4
[    1.618774] e1000 0000:00:03.0 eth0: (PCI:33MHz:32-bit) 02:e9:98:4f:cb:36
[    1.620631] e1000 0000:00:03.0 eth0: Intel(R) PRO/1000 Network Connection
[    1.622435] mptbase: ioc0: Initiating bringup
[    1.685215] ioc0: LSI53C1030 A0: Capabilities={Initiator}
[    1.847498] scsi host2: ioc0: LSI53C1030 A0, FwRev=00000000h, Ports=1, MaxQ=256, IRQ=20
[    1.962323] [drm] VRAM 01000000
[    1.964299] scsi 2:0:0:0: Direct-Access     VBOX     HARDDISK         1.0  PQ: 0 ANSI: 5
[    1.968707] scsi target2:0:0: Beginning Domain Validation
[    1.971152] [TTM] Zone  kernel: Available graphics memory: 1024020 kiB
[    1.973598] [TTM] Initializing pool allocator
[    1.975478] [TTM] Initializing DMA pool allocator
[    1.994122] scsi target2:0:0: Domain Validation skipping write tests
[    1.996355] scsi target2:0:0: Ending Domain Validation
[    2.000490] fbcon: vboxdrmfb (fb0) is primary device
[    2.000628] scsi target2:0:0: asynchronous
[    2.008714] scsi 2:0:1:0: Direct-Access     VBOX     HARDDISK         1.0  PQ: 0 ANSI: 5
[    2.008722] scsi target2:0:1: Beginning Domain Validation
[    2.010602] Console: switching to colour frame buffer device 100x37
[    2.016494] vboxvideo 0000:00:02.0: fb0: vboxdrmfb frame buffer device
[    2.017482] [drm] Initialized vboxvideo 1.0.0 20130823 for 0000:00:02.0 on minor 0
[    2.018670] scsi target2:0:1: Domain Validation skipping write tests
[    2.019588] scsi target2:0:1: Ending Domain Validation
[    2.020543] scsi target2:0:1: asynchronous
[    2.028943] sd 2:0:0:0: Attached scsi generic sg0 type 0
[    2.029857] sd 2:0:0:0: [sda] 20971520 512-byte logical blocks: (10.7 GB/10.0 GiB)
[    2.031863] sd 2:0:1:0: [sdb] 20480 512-byte logical blocks: (10.5 MB/10.0 MiB)
[    2.033495] sd 2:0:1:0: Attached scsi generic sg1 type 0
[    2.035181] sd 2:0:0:0: [sda] Write Protect is off
[    2.036339] sd 2:0:1:0: [sdb] Write Protect is off
[    2.037711] sd 2:0:0:0: [sda] Incomplete mode parameter data
[    2.039081] sd 2:0:0:0: [sda] Assuming drive cache: write through
[    2.040496] sd 2:0:1:0: [sdb] Incomplete mode parameter data
[    2.041714] sd 2:0:1:0: [sdb] Assuming drive cache: write through
[    2.044642]  sda: sda1
[    2.046003] sd 2:0:1:0: [sdb] Attached SCSI disk
[    2.047297] sd 2:0:0:0: [sda] Attached SCSI disk
[    2.424020] e1000 0000:00:08.0 eth1: (PCI:33MHz:32-bit) 08:00:27:fd:6a:fd
[    2.425820] e1000 0000:00:08.0 eth1: Intel(R) PRO/1000 Network Connection
[    2.429183] e1000 0000:00:08.0 enp0s8: renamed from eth1
[    2.431928] e1000 0000:00:03.0 enp0s3: renamed from eth0
Begin: Loading essential drivers ... [    2.486151] md: linear personality registered for level -1
[    2.492408] md: multipath personality registered for level -4
[    2.496816] md: raid0 personality registered for level 0
[    2.501292] md: raid1 personality registered for level 1
[    2.577060] raid6: sse2x1   gen() 12560 MB/s
[    2.644857] raid6: sse2x1   xor()  9465 MB/s
[    2.713561] raid6: sse2x2   gen() 15844 MB/s
[    2.785258] raid6: sse2x2   xor() 11113 MB/s
[    2.853643] raid6: sse2x4   gen() 16814 MB/s
[    2.926036] raid6: sse2x4   xor() 11959 MB/s
[    2.993733] raid6: avx2x1   gen() 22320 MB/s
[    3.064715] raid6: avx2x2   gen() 23730 MB/s
[    3.132687] raid6: avx2x4   gen() 20165 MB/s
[    3.134001] raid6: using algorithm avx2x2 gen() 23730 MB/s
[    3.135401] raid6: using avx2x2 recovery algorithm
[    3.138043] xor: automatically using best checksumming function:
[    3.203553]    avx       : 59630.000 MB/sec
[    3.206612] async_tx: api initialized (async)
[    3.218965] md: raid6 personality registered for level 6
[    3.220457] md: raid5 personality registered for level 5
[    3.221977] md: raid4 personality registered for level 4
[    3.228267] md: raid10 personality registered for level 10
done.
Begin: Running /scripts/init-premount ... done.
Begin: Mounting root file system ... Begin: Running /scripts/local-top ... done.
Begin: Running /scripts/local-premount ... [    3.257783] Btrfs loaded
Scanning for Btrfs filesystems
done.
Warning: fsck not present, so skipping root file system
[    3.298831] EXT4-fs (sda1): mounted filesystem with ordered data mode. Opts: (null)
done.
Begin: Running /scripts/local-bottom ... done.
Begin: Running /scripts/init-bottom ... done.
[    3.413004] systemd[1]: systemd 229 running in system mode. (+PAM +AUDIT +SELINUX +IMA +APPARMOR +SMACK +SYSVINIT +UTMP +LIBCRYPTSETUP +GCRYPT +GNUTLS +ACL +XZ -LZ4 +SECCOMP +BLKID +ELFUTILS +KMOD -IDN)
[    3.416702] systemd[1]: Detected virtualization oracle.
[    3.417854] systemd[1]: Detected architecture x86-64.

Welcome to [1mUbuntu 16.04.7 LTS[0m!

[    3.422585] systemd[1]: Set hostname to <symfony-starter>.
[    3.585633] systemd[1]: Listening on /dev/initctl Compatibility Named Pipe.
[[0;32m  OK  [0m] Listening on /dev/initctl Compatibility Named Pipe.
[    3.588420] systemd[1]: Created slice User and Session Slice.
[[0;32m  OK  [0m] Created slice User and Session Slice.
[    3.590663] systemd[1]: Listening on Journal Audit Socket.
[[0;32m  OK  [0m] Listening on Journal Audit Socket.
[    3.593042] systemd[1]: Listening on Syslog Socket.
[[0;32m  OK  [0m] Listening on Syslog Socket.
[    3.596919] systemd[1]: Started Trigger resolvconf update for networkd DNS.
[[0;32m  OK  [0m] Started Trigger resolvconf update for networkd DNS.
[    3.600071] systemd[1]: Started Forward Password Requests to Wall Directory Watch.
[[0;32m  OK  [0m] Started Forward Password Requests to Wall Directory Watch.
[    3.602750] systemd[1]: Listening on udev Kernel Socket.
[[0;32m  OK  [0m] Listening on udev Kernel Socket.
[    3.604777] systemd[1]: Reached target User and Group Name Lookups.
[[0;32m  OK  [0m] Reached target User and Group Name Lookups.
[    3.607120] systemd[1]: Listening on LVM2 metadata daemon socket.
[[0;32m  OK  [0m] Listening on LVM2 metadata daemon socket.
[    3.609385] systemd[1]: Listening on udev Control Socket.
[[0;32m  OK  [0m] Listening on udev Control Socket.
[    3.611466] systemd[1]: Reached target Encrypted Volumes.
[[0;32m  OK  [0m] Reached target Encrypted Volumes.
[    3.614258] systemd[1]: Listening on Journal Socket.
[[0;32m  OK  [0m] Listening on Journal Socket.
[    3.616248] systemd[1]: Listening on Journal Socket (/dev/log).
[[0;32m  OK  [0m] Listening on Journal Socket (/dev/log).
[    3.618768] systemd[1]: Created slice System Slice.
[[0;32m  OK  [0m] Created slice System Slice.
[    3.620875] systemd[1]: Created slice system-serial\x2dgetty.slice.
[[0;32m  OK  [0m] Created slice system-serial\x2dgetty.slice.
[    3.623721] systemd[1]: Starting Remount Root and Kernel File Systems...
         Starting Remount Root and Kernel File Systems...
[    3.633033] systemd[1]: Reached target Slices.
[[0;32m  OK  [0m] Reached target Slices.
[    3.638108] systemd[1]: Starting Load Kernel Modules...
[    3.640047] EXT4-fs (sda1): re-mounted. Opts: (null)
         Starting Load Kernel Modules...
[    3.642972] systemd[1]: Starting Uncomplicated firewall...
         Starting Uncomplicated firewall...
[    3.650268] systemd[1]: Starting Nameserver information manager...
[    3.654374] Loading iSCSI transport class v2.0-870.
         Starting Nameserver information manager...
[    3.659243] systemd[1]: Starting Set console keymap...
         Starting Set console keymap...
[    3.665898] systemd[1]: Mounting RPC Pipe File System...
         Mounting RPC Pipe File System...
[    3.670452] iscsi: registered transport (tcp)
[    3.672857] systemd[1]: Listening on Device-mapper event daemon FIFOs.
[[0;32m  OK  [0m] Listening on Device-mapper event daemon FIFOs.
[    3.677099] systemd[1]: Mounting Debug File System...
         Mounting Debug File System...
[    3.685922] systemd[1]: Starting Create list of required static device nodes for the current kernel...
         Starting Create list of required st... nodes for the current kernel...
[    3.702345] systemd[1]: Reached target Swap.
[[0;32m  OK  [0m] Reached target Swap.
[    3.704593] RPC: Registered named UNIX socket transport module.
[    3.706158] RPC: Registered udp transport module.
[    3.707132] RPC: Registered tcp transport module.
[    3.708067] RPC: Registered tcp NFSv4.1 backchannel transport module.
[    3.715716] systemd[1]: Mounting Huge Pages File System...
         Mounting Huge Pages File System...
[    3.724905] systemd[1]: Listening on LVM2 poll daemon socket.
[[0;32m  OK  [0m] Listening on LVM2 poll daemon socket.
[    3.728043] systemd[1]: Mounting POSIX Message Queue File System...
         Mounting POSIX Message Queue File System...
[    3.743178] systemd[1]: Starting Monitoring of LVM2 mirrors, snapshots etc. using dmeventd or progress polling...
         Starting Monitoring of LVM2 mirrors... dmeventd or progress polling...
[    3.748955] systemd[1]: Reached target System Time Synchronized.
[[0;32m  OK  [0m] Reached target System Time Synchronized.
[    3.751891] systemd[1]: Set up automount Arbitrary Executable File Formats File System Automount Point.
[[0;32m  OK  [0m] Set up automount Arbitrary Executab...ats File System Automount Point.
[    3.761906] systemd[1]: Starting Journal Service...
         Starting Journal Service...
[    3.769642] systemd[1]: Mounted RPC Pipe File System.
[[0;32m  OK  [0m] Mounted RPC Pipe File System.
[    3.780130] systemd[1]: Mounted POSIX Message Queue File System.
[[0;32m  OK  [0m] Mounted POSIX Message Queue File System.
[    3.793057] systemd[1]: Mounted Huge Pages File System.
[[0;32m  OK  [0m] Mounted Huge Pages File System.
[    3.796001] systemd[1]: Mounted Debug File System.
[    3.799210] iscsi: registered transport (iser)
[[0;32m  OK  [0m] Mounted Debug File System.
[    3.803938] systemd[1]: Started Remount Root and Kernel File Systems.
[[0;32m  OK  [0m] Started Remount Root and Kernel File Systems.
[    3.822062] systemd[1]: Started Load Kernel Modules.
[[0;32m  OK  [0m] Started Load Kernel Modules.
[    3.834475] systemd[1]: Started Uncomplicated firewall.
[[0;32m  OK  [0m] Started Uncomplicated firewall.
[    3.839040] systemd[1]: Started Set console keymap.
[[0;32m  OK  [0m] Started Set console keymap.
[    3.844341] systemd[1]: Started Create list of required static device nodes for the current kernel.
[[0;32m  OK  [0m] Started Create list of required sta...ce nodes for the current kernel.
[    3.849510] systemd[1]: Started Nameserver information manager.
[[0;32m  OK  [0m] Started Nameserver information manager.
[    3.857342] random: nonblocking pool is initialized
[    3.859108] systemd[1]: Started Journal Service.
[[0;32m  OK  [0m] Started Journal Service.
[[0;32m  OK  [0m] Started LVM2 metadata daemon.
         Starting Create Static Device Nodes in /dev...
         Starting Apply Kernel Variables...
         Mounting FUSE Control File System...
         Starting Load/Save Random Seed...
         Starting Flush Journal to Persistent Storage...
         Starting udev Coldplug all Devices...
[[0;32m  OK  [0m] Mounted FUSE Control File System.
[[0;32m  OK  [0m] Started Apply Kernel Variables.
[[0;32m  OK  [0m] Started Create Static Device Nodes in /dev.
[[0;32m  OK  [0m] Started Load/Save Random Seed.
         Starting udev Kernel Device Manager...
[[0;32m  OK  [0m] Started Flush Journal to Persistent Storage.
[[0;32m  OK  [0m] Started udev Kernel Device Manager.
[[0;32m  OK  [0m] Started udev Coldplug all Devices.
[[0;32m  OK  [0m] Started Dispatch Password Requests to Console Directory Watch.
[[0;32m  OK  [0m] Found device /dev/ttyS0.
[[0;32m  OK  [0m] Listening on Load/Save RF Kill Switch Status /dev/rfkill Watch.
[[0;32m  OK  [0m] Found device 82540EM Gigabit Ethern...r (PRO/1000 MT Desktop Adapter).
[[0;32m  OK  [0m] Found device 82540EM Gigabit Ethern...r (PRO/1000 MT Desktop Adapter).
[[0;32m  OK  [0m] Started Monitoring of LVM2 mirrors,...ng dmeventd or progress polling.
[[0;32m  OK  [0m] Reached target Local File Systems (Pre).
[[0;32m  OK  [0m] Reached target Local File Systems.
         Starting Set console font and keymap...
         Starting Create Volatile Files and Directories...
         Starting LSB: AppArmor initialization...
         Starting Preprocess NFS configuration...
         Starting Tell Plymouth To Write Out Runtime Data...
         Starting Initial cloud-init job (pre-networking)...
[[0;32m  OK  [0m] Started Preprocess NFS configuration.
[[0;32m  OK  [0m] Reached target NFS client services.
[[0;32m  OK  [0m] Started Tell Plymouth To Write Out Runtime Data.
[[0;32m  OK  [0m] Started Create Volatile Files and Directories.
         Starting Update UTMP about System Boot/Shutdown...
[[0;32m  OK  [0m] Started Update UTMP about System Boot/Shutdown.
[[0;32m  OK  [0m] Started LSB: AppArmor initialization.
         Starting Load AppArmor profiles managed internally by snapd...
[[0;32m  OK  [0m] Started Load AppArmor profiles managed internally by snapd.
[[0;32m  OK  [0m] Started Set console font and keymap.
[[0;32m  OK  [0m] Created slice system-getty.slice.
[    5.097927] cloud-init[639]: Cloud-init v. 20.3-2-g371b392c-0ubuntu1~16.04.1 running 'init-local' at Mon, 26 Oct 2020 12:10:59 +0000. Up 4.89 seconds.
[[0;32m  OK  [0m] Started Initial cloud-init job (pre-networking).
[[0;32m  OK  [0m] Reached target Network (Pre).
         Starting Raise network interfaces...
[[0;32m  OK  [0m] Started ifup for enp0s3.
[[0;32m  OK  [0m] Started ifup for enp0s8.
[[0;32m  OK  [0m] Started Raise network interfaces.
         Starting Initial cloud-init job (metadata service crawler)...
[[0;32m  OK  [0m] Reached target Network.
[    5.826655] cloud-init[1103]: Cloud-init v. 20.3-2-g371b392c-0ubuntu1~16.04.1 running 'init' at Mon, 26 Oct 2020 12:11:00 +0000. Up 5.60 seconds.
[    5.832328] cloud-init[1103]: ci-info: ++++++++++++++++++++++++++++++++++++++Net device info+++++++++++++++++++++++++++++++++++++++
[    5.840328] cloud-init[1103]: ci-info: +--------+------+-----------------------------+---------------+--------+-------------------+
[    5.848310] cloud-init[1103]: ci-info: | Device |  Up  |           Address           |      Mask     | Scope  |     Hw-Address    |
[    5.856304] cloud-init[1103]: ci-info: +--------+------+-----------------------------+---------------+--------+-------------------+
[    5.864472] cloud-init[1103]: ci-info: | enp0s3 | True |          10.0.2.15          | 255.255.255.0 | global | 02:e9:98:4f:cb:36 |
[[0;32m  OK  [0m] Started Initial cloud-init job (metadata service crawler).
[[0;32m  OK  [0m] Reached target System Initialization.
         Starting Socket activation for snappy daemon.
[    5.875108] cloud-init[1103]: ci-info: | enp0s3 | True |  fe80::e9:98ff:fe4f:cb36/64 |       .       |  link  | 02:e9:98:4f:cb:36 |
[    5.896215] cloud-init[1103]: ci-info: | enp0s8 | True |       192.168.100.100       | 255.255.255.0 | global | 08:00:27:fd:6a:fd |
[    5.904925] cloud-init[1103]: ci-info: | enp0s8 | True | fe80::a00:27ff:fefd:6afd/64 |       .       |  link  | 08:00:27:fd:6a:fd |
[[0;32m  OK  [0m] Started Daily Cleanup of Temporary Directories.
[[0;32m  OK  [0m] Listening on ACPID Listen Socket.
[    5.914502] cloud-init[1103]: ci-info: |   lo   | True |          127.0.0.1          |   255.0.0.0   |  host  |         .         |
[    5.932420] cloud-init[1103]: ci-info: |   lo   | True |           ::1/128           |       .       |  host  |         .         |
[    5.934568] cloud-init[1103]: ci-info: +--------+------+-----------------------------+---------------+--------+-------------------+[[0;32m  OK  [0m] Listening on RPCbind Server Activation Socket.
         Starting RPC bind portmap service...

[    5.948597] [[0;32m  OK  [0m] Started Daily apt download activities.
[[0;32m  OK  [0m] Started Daily apt upgrade and clean activities.
[[0;32m  OK  [0m] Started Message of the Day.
[[0;32m  OK  [0m] Listening on UUID daemon activation socket.
cloud-init[1103]: ci-info: ++++++++++++++++++++++++++++Route IPv4 info+++++++++++++++++++++++++++++
[    5.954206] cloud-init[1103]: ci-info: +-------+---------------+----------+---------------+-----------+-------+
[    5.956648] cloud-init[1103]: ci-info: | Route |  Destination  | Gateway  |    Genmask    | Interface | Flags |
[    5.958134] cloud-init[1103]: ci-info: +-------+---------------+----------+---------------+-----------+-------+         Starting LXD - unix socket.

[[0;32m  OK  [0m] Started ACPI Events Check.
[[0;32m  OK  [0m] Reached target Paths.
[[0;32m  OK  [0m] Started Clean PHP session files every 30 mins.
[[0;32m  OK  [0m] Reached target Timers.
[[0;32m  OK  [0m] Listening on D-Bus System Message Bus Socket.
[[0;32m  OK  [0m] Reached target Cloud-config availability.
[[0;32m  OK  [0m] Reached target Network is Online.
[    5.963926] cloud-init[1103]: ci-info: |   0   |    0.0.0.0    | 10.0.2.2 |    0.0.0.0    |   enp0s3  |   UG  |
[    6.000532] cloud-init[1103]: ci-info: |   1   |    10.0.2.0   | 0.0.0.0  | 255.255.255.0 |   enp0s3  |   U   |
[    6.001979] cloud-init[1103]: ci-info: |   2   | 192.168.100.0 | 0.0.0.0  | 255.255.255.0 |   enp0s8  |   U   |
         Starting iSCSI initiator daemon (iscsid)...
[    6.003693] [[0;32m  OK  [0m] Started RPC bind portmap service.
[[0;32m  OK  [0m] Listening on Socket activation for snappy daemon.
[[0;32m  OK  [0m] Listening on LXD - unix socket.
[[0;32m  OK  [0m] Reached target Sockets.
[[0;32m  OK  [0m] Reached target Basic System.
cloud-init[1103]: ci-info: +-------+---------------+----------+---------------+-----------+-------+
         Starting The PHP 7.1 FastCGI Process Manager...[    6.012568] cloud-init[1103]: ci-info: +++++++++++++++++++Route IPv6 info+++++++++++++++++++
[    6.014009] cloud-init[1103]: ci-info: +-------+-------------+---------+-----------+-------+
[    6.014166] cloud-init[1103]: ci-info: | Route | Destination | Gateway | Interface | Flags |
[    6.014265] cloud-init[1103]: ci-info: +-------+-------------+---------+-----------+-------+
[    6.014352] cloud-init[1103]: ci-info: |   0   |  fe80::/64  |    ::   |   enp0s8  |   U   |
[    6.014437] cloud-init[1103]: ci-info: |   1   |  fe80::/64  |    ::   |   enp0s3  |   U   |
[    6.014526] cloud-init[1103]: ci-info: |   4   |   ff00::/8  |    ::   |   enp0s8  |   U   |

         Starting System Logging Service...
[[0;32m  OK  [0m] Started Regular background program processing daemon.[    6.025134] cloud-init
         Starting OpenBSD Secure Shell server...
         Starting LSB: Record successful boot for GRUB...
         Starting LXD - container startup/shutdown...
[1103]: ci-info: |   5   |   ff00::/8  |    ::   |   enp0s3  |   U   |
         Starting Login Service...
[[0;32m  OK  [0m] Started Deferred execution scheduler.
         Starting LSB: MD monitoring daemon...
         Starting /etc/rc.local Compatibility...
         Starting Snap Daemon...
[[0;32m  OK  [0m] Started ACPI event daemon.
         Starting vboxadd.service...
[[0;32m  OK  [0m] Started D-Bus System Message Bus.
[    6.097222] cloud-init[1103]: ci-info: +-------+-------------+---------+-----------+-------+
         Starting Accounts Service...
[[0;32m  OK  [0m] Started FUSE filesystem for LXC.
         Starting A high performance web server and a reverse proxy server...
[[0;32m  OK  [0m] Reached target RPC Port Mapper.
[[0;32m  OK  [0m] Started System Logging Service.
[[0;32m  OK  [0m] Started /etc/rc.local Compatibility.
[[0;32m  OK  [0m] Started iSCSI initiator daemon (iscsid).
         Starting Login to default iSCSI targets...
[[0;32m  OK  [0m] Started Login Service.
[[0;32m  OK  [0m] Started Unattended Upgrades Shutdown.
[[0;32m  OK  [0m] Started OpenBSD Secure Shell server.
[[0;32m  OK  [0m] Started LSB: Record successful boot for GRUB.
[[0;32m  OK  [0m] Started Login to default iSCSI targets.
[[0;32m  OK  [0m] Reached target Remote File Systems (Pre).
[[0;32m  OK  [0m] Reached target Remote File Systems.
         Starting Permit User Sessions...
         Starting LSB: Set the CPU Frequency Scaling governor to "ondemand"...
         Starting LSB: daemon to balance interrupts for SMP systems...
         Starting LSB: automatic crash report generation...
[[0;32m  OK  [0m] Started Permit User Sessions.
         Starting Terminate Plymouth Boot Screen...
         Starting Hold until boot process finishes up...
[[0;32m  OK  [0m] Started Hold until boot process finishes up.
[[0;32m  OK  [0m] Started Terminate Plymouth Boot Screen.
[[0;32m  OK  [0m] Started Getty on tty1.
         Starting Set console scheme...
[[0;32m  OK  [0m] Started Serial Getty on ttyS0.
[[0;32m  OK  [0m] Reached target Login Prompts.
[[0;32m  OK  [0m] Started Set console scheme.
[[0;32m  OK  [0m] Started LSB: Set the CPU Frequency Scaling governor to "ondemand".
[[0;32m  OK  [0m] Started LXD - container startup/shutdown.
         Starting Authenticate and Authorize Users to Run Privileged Tasks...
[[0;32m  OK  [0m] Started LSB: MD monitoring daemon.
[[0;32m  OK  [0m] Started LSB: automatic crash report generation.
[[0;32m  OK  [0m] Started Authenticate and Authorize Users to Run Privileged Tasks.
[[0;32m  OK  [0m] Started LSB: daemon to balance interrupts for SMP systems.
[[0;32m  OK  [0m] Started Accounts Service.
[[0;32m  OK  [0m] Started A high performance web server and a reverse proxy server.
[[0;32m  OK  [0m] Started Snap Daemon.
         Starting Wait until snapd is fully seeded...
[[0;32m  OK  [0m] Started Wait until snapd is fully seeded.
         Starting Apply the settings specified in cloud-config...
[[0;32m  OK  [0m] Started The PHP 7.1 FastCGI Process Manager.
[    7.422893] cloud-init[1369]: Cloud-init v. 20.3-2-g371b392c-0ubuntu1~16.04.1 running 'modules:config' at Mon, 26 Oct 2020 12:11:01 +0000. Up 7.24 seconds.
[[0;32m  OK  [0m] Started Apply the settings specified in cloud-config.
[[0;32m  OK  [0m] Started vboxadd.service.
         Starting vboxadd-service.service...
[[0;32m  OK  [0m] Started vboxadd-service.service.
[[0;32m  OK  [0m] Reached target Multi-User System.
         Starting Execute cloud user/final scripts...
[[0;32m  OK  [0m] Reached target Graphical Interface.
         Starting Update UTMP about System Runlevel Changes...
[[0;32m  OK  [0m] Started Update UTMP about System Runlevel Changes.
[    8.022538] cloud-init[1476]: Cloud-init v. 20.3-2-g371b392c-0ubuntu1~16.04.1 running 'modules:final' at Mon, 26 Oct 2020 12:11:02 +0000. Up 7.93 seconds.
[    8.033426] cloud-init[1476]: Cloud-init v. 20.3-2-g371b392c-0ubuntu1~16.04.1 finished at Mon, 26 Oct 2020 12:11:02 +0000. Datasource DataSourceNoCloud [seed=/dev/sdb][dsmode=net].  Up 8.01 seconds
[[0;32m  OK  [0m] Started Execute cloud user/final scripts.
[[0;32m  OK  [0m] Reached target Cloud-init target.

Ubuntu 16.04.7 LTS symfony-starter ttyS0

symfony-starter login: 